<?xml version="1.0" encoding="UTF-8"?>
<!-- Generated by org.testng.reporters.JUnitReportReporter -->
<testsuite skipped="0" hostname="hp-PC" name="testngfeatures.TestNGFeaturesClass" tests="2" failures="0" timestamp="20 Jul 2018 16:44:35 GMT" time="0.013" errors="0">
  <testcase name="test1" time="0.005" classname="testngfeatures.TestNGFeaturesClass"/>
  <testcase name="test2" time="0.008" classname="testngfeatures.TestNGFeaturesClass"/>
</testsuite> <!-- testngfeatures.TestNGFeaturesClass -->
