<?xml version="1.0" encoding="UTF-8"?>
<!-- Generated by org.testng.reporters.JUnitReportReporter -->
<testsuite skipped="0" hostname="hp-PC" name="testngfeatures.DemoTest2" tests="4" failures="0" timestamp="20 Jul 2018 16:44:35 GMT" time="0.011" errors="0">
  <testcase name="test4" time="0.006" classname="testngfeatures.DemoTest2"/>
  <testcase name="test2" time="0.002" classname="testngfeatures.DemoTest2"/>
  <testcase name="test3" time="0.001" classname="testngfeatures.DemoTest2"/>
  <testcase name="test1" time="0.002" classname="testngfeatures.DemoTest2"/>
</testsuite> <!-- testngfeatures.DemoTest2 -->
